<?xml version="1.0" encoding="UTF-8"?>
<testsuite name="com.bridgelabz.MoodAnalyserTest" tests="1" skipped="0" failures="0" errors="0" timestamp="2021-08-03T13:36:01" hostname="DESKTOP-TK8JRTA" time="0.036">
  <properties/>
  <testcase name="givenMessaga_IAmInSadMoodMessage_ShouldReturnSad()" classname="com.bridgelabz.MoodAnalyserTest" time="0.036"/>
  <system-out><![CDATA[]]></system-out>
  <system-err><![CDATA[]]></system-err>
</testsuite>
